# JRE version: Java(TM) SE Runtime Environment (8.0_111-b14) (build 1.8.0_111-b14)
# Java VM: Java HotSpot(TM) 64-Bit Server VM (25.111-b14 mixed mode bsd-amd64 compressed oops)
Heap:
 PSYoungGen      total 731648K, used 434624K [0x000000076ab00000, 0x00000007a1600000, 0x00000007c0000000)
  eden space 606208K, 62% used [0x000000076ab00000,0x0000000781baa2a8,0x000000078fb00000)
  from space 125440K, 45% used [0x0000000799b80000,0x000000079d345de0,0x00000007a1600000)
  to   space 144896K, 0% used [0x000000078fb00000,0x000000078fb00000,0x0000000798880000)
 ParOldGen       total 608256K, used 119624K [0x00000006c0000000, 0x00000006e5200000, 0x000000076ab00000)
  object space 608256K, 19% used [0x00000006c0000000,0x00000006c74d2058,0x00000006e5200000)
 Metaspace       used 174450K, capacity 196907K, committed 220096K, reserved 1232896K
  class space    used 20785K, capacity 22150K, committed 35840K, reserved 1048576K
GC Heap History (10 events):
Event: 2281.920 GC heap before
{Heap before GC invocations=54 (full 8):
 PSYoungGen      total 830976K, used 117207K [0x000000076ab00000, 0x00000007aa880000, 0x00000007c0000000)
  eden space 680960K, 0% used [0x000000076ab00000,0x000000076ab00000,0x0000000794400000)
  from space 150016K, 78% used [0x000000079dc80000,0x00000007a4ef5ea8,0x00000007a6f00000)
  to   space 156160K, 0% used [0x0000000794400000,0x0000000794400000,0x000000079dc80000)
 ParOldGen       total 519168K, used 157632K [0x00000006c0000000, 0x00000006dfb00000, 0x000000076ab00000)
  object space 519168K, 30% used [0x00000006c0000000,0x00000006c99f0090,0x00000006dfb00000)
 Metaspace       used 291266K, capacity 330658K, committed 330688K, reserved 1343488K
  class space    used 33507K, capacity 35834K, committed 35840K, reserved 1048576K
Event: 2282.359 GC heap after
Heap after GC invocations=54 (full 8):
 PSYoungGen      total 830976K, used 0K [0x000000076ab00000, 0x00000007aa880000, 0x00000007c0000000)
  eden space 680960K, 0% used [0x000000076ab00000,0x000000076ab00000,0x0000000794400000)
  from space 150016K, 0% used [0x000000079dc80000,0x000000079dc80000,0x00000007a6f00000)
  to   space 156160K, 0% used [0x0000000794400000,0x0000000794400000,0x000000079dc80000)
 ParOldGen       total 608256K, used 119600K [0x00000006c0000000, 0x00000006e5200000, 0x000000076ab00000)
  object space 608256K, 19% used [0x00000006c0000000,0x00000006c74cc058,0x00000006e5200000)
 Metaspace       used 107028K, capacity 119337K, committed 220096K, reserved 1232896K
  class space    used 13525K, capacity 14284K, committed 35840K, reserved 1048576K
}
Event: 2317.679 GC heap before
{Heap before GC invocations=55 (full 8):
 PSYoungGen      total 830976K, used 680960K [0x000000076ab00000, 0x00000007aa880000, 0x00000007c0000000)
  eden space 680960K, 100% used [0x000000076ab00000,0x0000000794400000,0x0000000794400000)
  from space 150016K, 0% used [0x000000079dc80000,0x000000079dc80000,0x00000007a6f00000)
  to   space 156160K, 0% used [0x0000000794400000,0x0000000794400000,0x000000079dc80000)
 ParOldGen       total 608256K, used 119600K [0x00000006c0000000, 0x00000006e5200000, 0x000000076ab00000)
  object space 608256K, 19% used [0x00000006c0000000,0x00000006c74cc058,0x00000006e5200000)
 Metaspace       used 112625K, capacity 126005K, committed 220096K, reserved 1232896K
  class space    used 14122K, capacity 14942K, committed 35840K, reserved 1048576K
Event: 2317.718 GC heap after
Heap after GC invocations=55 (full 8):
 PSYoungGen      total 718848K, used 57756K [0x000000076ab00000, 0x00000007a5d80000, 0x00000007c0000000)
  eden space 660992K, 0% used [0x000000076ab00000,0x000000076ab00000,0x0000000793080000)
  from space 57856K, 99% used [0x0000000794400000,0x0000000797c67030,0x0000000797c80000)
  to   space 154112K, 0% used [0x000000079c700000,0x000000079c700000,0x00000007a5d80000)
 ParOldGen       total 608256K, used 119608K [0x00000006c0000000, 0x00000006e5200000, 0x000000076ab00000)
  object space 608256K, 19% used [0x00000006c0000000,0x00000006c74ce058,0x00000006e5200000)
 Metaspace       used 112625K, capacity 126005K, committed 220096K, reserved 1232896K
  class space    used 14122K, capacity 14942K, committed 35840K, reserved 1048576K
}
Event: 2362.856 GC heap before
{Heap before GC invocations=56 (full 8):
 PSYoungGen      total 718848K, used 718748K [0x000000076ab00000, 0x00000007a5d80000, 0x00000007c0000000)
  eden space 660992K, 100% used [0x000000076ab00000,0x0000000793080000,0x0000000793080000)
  from space 57856K, 99% used [0x0000000794400000,0x0000000797c67030,0x0000000797c80000)
  to   space 154112K, 0% used [0x000000079c700000,0x000000079c700000,0x00000007a5d80000)
 ParOldGen       total 608256K, used 119608K [0x00000006c0000000, 0x00000006e5200000, 0x000000076ab00000)
  object space 608256K, 19% used [0x00000006c0000000,0x00000006c74ce058,0x00000006e5200000)
 Metaspace       used 115359K, capacity 129397K, committed 220096K, reserved 1232896K
  class space    used 14458K, capacity 15342K, committed 35840K, reserved 1048576K
Event: 2362.898 GC heap after
Heap after GC invocations=56 (full 8):
 PSYoungGen      total 768000K, used 67370K [0x000000076ab00000, 0x00000007a4200000, 0x00000007c0000000)
  eden space 642048K, 0% used [0x000000076ab00000,0x000000076ab00000,0x0000000791e00000)
  from space 125952K, 53% used [0x000000079c700000,0x00000007a08ca940,0x00000007a4200000)
  to   space 149504K, 0% used [0x0000000791e00000,0x0000000791e00000,0x000000079b000000)
 ParOldGen       total 608256K, used 119608K [0x00000006c0000000, 0x00000006e5200000, 0x000000076ab00000)
  object space 608256K, 19% used [0x00000006c0000000,0x00000006c74ce058,0x00000006e5200000)
 Metaspace       used 115359K, capacity 129397K, committed 220096K, reserved 1232896K
  class space    used 14458K, capacity 15342K, committed 35840K, reserved 1048576K
}
Event: 2383.391 GC heap before
{Heap before GC invocations=57 (full 8):
 PSYoungGen      total 768000K, used 709418K [0x000000076ab00000, 0x00000007a4200000, 0x00000007c0000000)
  eden space 642048K, 100% used [0x000000076ab00000,0x0000000791e00000,0x0000000791e00000)
  from space 125952K, 53% used [0x000000079c700000,0x00000007a08ca940,0x00000007a4200000)
  to   space 149504K, 0% used [0x0000000791e00000,0x0000000791e00000,0x000000079b000000)
 ParOldGen       total 608256K, used 119608K [0x00000006c0000000, 0x00000006e5200000, 0x000000076ab00000)
  object space 608256K, 19% used [0x00000006c0000000,0x00000006c74ce058,0x00000006e5200000)
 Metaspace       used 135165K, capacity 151843K, committed 220096K, reserved 1232896K
  class space    used 16590K, capacity 17648K, committed 35840K, reserved 1048576K
Event: 2383.427 GC heap after
Heap after GC invocations=57 (full 8):
 PSYoungGen      total 716800K, used 92693K [0x000000076ab00000, 0x00000007a2b00000, 0x00000007c0000000)
  eden space 623616K, 0% used [0x000000076ab00000,0x000000076ab00000,0x0000000790c00000)
  from space 93184K, 99% used [0x0000000791e00000,0x0000000797885410,0x0000000797900000)
  to   space 146944K, 0% used [0x0000000799b80000,0x0000000799b80000,0x00000007a2b00000)
 ParOldGen       total 608256K, used 119616K [0x00000006c0000000, 0x00000006e5200000, 0x000000076ab00000)
  object space 608256K, 19% used [0x00000006c0000000,0x00000006c74d0058,0x00000006e5200000)
 Metaspace       used 135165K, capacity 151843K, committed 220096K, reserved 1232896K
  class space    used 16590K, capacity 17648K, committed 35840K, reserved 1048576K
}
Event: 2709.803 GC heap before
{Heap before GC invocations=58 (full 8):
 PSYoungGen      total 716800K, used 716309K [0x000000076ab00000, 0x00000007a2b00000, 0x00000007c0000000)
  eden space 623616K, 100% used [0x000000076ab00000,0x0000000790c00000,0x0000000790c00000)
  from space 93184K, 99% used [0x0000000791e00000,0x0000000797885410,0x0000000797900000)
  to   space 146944K, 0% used [0x0000000799b80000,0x0000000799b80000,0x00000007a2b00000)
 ParOldGen       total 608256K, used 119616K [0x00000006c0000000, 0x00000006e5200000, 0x000000076ab00000)
  object space 608256K, 19% used [0x00000006c0000000,0x00000006c74d0058,0x00000006e5200000)
 Metaspace       used 151855K, capacity 171014K, committed 220096K, reserved 1232896K
  class space    used 18360K, capacity 19533K, committed 35840K, reserved 1048576K
Event: 2709.867 GC heap after
Heap after GC invocations=58 (full 8):
 PSYoungGen      total 731648K, used 57111K [0x000000076ab00000, 0x00000007a1600000, 0x00000007c0000000)
  eden space 606208K, 0% used [0x000000076ab00000,0x000000076ab00000,0x000000078fb00000)
  from space 125440K, 45% used [0x0000000799b80000,0x000000079d345de0,0x00000007a1600000)
  to   space 144896K, 0% used [0x000000078fb00000,0x000000078fb00000,0x0000000798880000)
 ParOldGen       total 608256K, used 119624K [0x00000006c0000000, 0x00000006e5200000, 0x000000076ab00000)
  object space 608256K, 19% used [0x00000006c0000000,0x00000006c74d2058,0x00000006e5200000)
 Metaspace       used 151855K, capacity 171014K, committed 220096K, reserved 1232896K
  class space    used 18360K, capacity 19533K, committed 35840K, reserved 1048576K
}

